<?xml version="1.0" encoding="UTF-8"?>
<testsuite name="com.abayomi.calculator.CalculatorApplicationTests" tests="1" skipped="0" failures="0" errors="0" timestamp="2024-03-14T09:36:44" hostname="docker-ansible" time="0.971">
  <properties/>
  <testcase name="contextLoads()" classname="com.abayomi.calculator.CalculatorApplicationTests" time="0.971"/>
  <system-out><![CDATA[10:36:42.576 [Test worker] INFO org.springframework.test.context.support.AnnotationConfigContextLoaderUtils -- Could not detect default configuration classes for test class [com.abayomi.calculator.CalculatorApplicationTests]: CalculatorApplicationTests does not declare any static, non-private, non-final, nested classes annotated with @Configuration.
10:36:42.736 [Test worker] INFO org.springframework.boot.test.context.SpringBootTestContextBootstrapper -- Found @SpringBootConfiguration com.abayomi.calculator.CalculatorApplication for test class com.abayomi.calculator.CalculatorApplicationTests

  .   ____          _            __ _ _
 /\\ / ___'_ __ _ _(_)_ __  __ _ \ \ \ \
( ( )\___ | '_ | '_| | '_ \/ _` | \ \ \ \
 \\/  ___)| |_)| | | | | || (_| |  ) ) ) )
  '  |____| .__|_| |_|_| |_\__, | / / / /
 =========|_|==============|___/=/_/_/_/
 :: Spring Boot ::                (v3.2.3)

2024-03-14T10:36:43.404+01:00  INFO 6529 --- [calculator] [    Test worker] c.a.c.CalculatorApplicationTests         : Starting CalculatorApplicationTests using Java 17.0.10 with PID 6529 (started by yomi in /home/yomi/calculator3)
2024-03-14T10:36:43.415+01:00  INFO 6529 --- [calculator] [    Test worker] c.a.c.CalculatorApplicationTests         : No active profile set, falling back to 1 default profile: "default"
2024-03-14T10:36:44.721+01:00  INFO 6529 --- [calculator] [    Test worker] c.a.c.CalculatorApplicationTests         : Started CalculatorApplicationTests in 1.787 seconds (process running for 4.347)
]]></system-out>
  <system-err><![CDATA[]]></system-err>
</testsuite>
